{
  "RSpec": {
    "coverage": {
      "/Users/student/Documents/Coding/Github Projects Part 2 - Christmas/christmas-battle/app.rb": {
        "lines": [
          1,
          1,
          null,
          1,
          1,
          null,
          1,
          49,
          null,
          null,
          1,
          10,
          null,
          null,
          1,
          10,
          10,
          10,
          10,
          null,
          null,
          1,
          10,
          null,
          null,
          1,
          18,
          17,
          17,
          17,
          null,
          null,
          1,
          1,
          null,
          null,
          1,
          null
        ]
      },
      "/Users/student/Documents/Coding/Github Projects Part 2 - Christmas/christmas-battle/lib/player.rb": {
        "lines": [
          1,
          null,
          1,
          1,
          1,
          1,
          null,
          1,
          23,
          23,
          null,
          null,
          1,
          18,
          null,
          null,
          null
        ]
      },
      "/Users/student/Documents/Coding/Github Projects Part 2 - Christmas/christmas-battle/lib/game.rb": {
        "lines": [
          1,
          1,
          1,
          null,
          1,
          13,
          13,
          null,
          null,
          1,
          18,
          null,
          null,
          1,
          65,
          null,
          null,
          1,
          65,
          null,
          null,
          1,
          17,
          null,
          null,
          1,
          10,
          null,
          null,
          1,
          49,
          null,
          null,
          null
        ]
      },
      "/Users/student/Documents/Coding/Github Projects Part 2 - Christmas/christmas-battle/spec/features/web_helpers.rb": {
        "lines": [
          1,
          10,
          10,
          10,
          10,
          null
        ]
      },
      "/Users/student/Documents/Coding/Github Projects Part 2 - Christmas/christmas-battle/spec/features/feature_spec.rb": {
        "lines": [
          1,
          1,
          10,
          null,
          null,
          1,
          1,
          1,
          null,
          null,
          null,
          1,
          1,
          1,
          null,
          null,
          1,
          1,
          null,
          null,
          null,
          1,
          null,
          1,
          5,
          null,
          null,
          1,
          1,
          null,
          null,
          1,
          1,
          1,
          null,
          null,
          1,
          1,
          null,
          null,
          1,
          1,
          2,
          null,
          null,
          1,
          1,
          null,
          null,
          1,
          1,
          1,
          null,
          null,
          null,
          null,
          1,
          1,
          1,
          null,
          null,
          null,
          1,
          1,
          12,
          1,
          null,
          null,
          null
        ]
      },
      "/Users/student/Documents/Coding/Github Projects Part 2 - Christmas/christmas-battle/spec/game_spec.rb": {
        "lines": [
          1,
          null,
          1,
          4,
          4,
          4,
          null,
          1,
          1,
          1,
          1,
          null,
          null,
          null,
          1,
          1,
          1,
          null,
          null,
          null,
          1,
          1,
          1,
          null,
          null,
          null
        ]
      },
      "/Users/student/Documents/Coding/Github Projects Part 2 - Christmas/christmas-battle/spec/player_spec.rb": {
        "lines": [
          1,
          null,
          1,
          2,
          3,
          null,
          1,
          1,
          1,
          null,
          null,
          null,
          1,
          1,
          1,
          null,
          null,
          null,
          1,
          1,
          4,
          null,
          null,
          null
        ]
      }
    },
    "timestamp": 1584991578
  }
}
